# JRE version: OpenJDK Runtime Environment (8.0_282-b08) (build 1.8.0_282-b08)
# Java VM: OpenJDK 64-Bit Server VM (25.282-b08 mixed mode windows-amd64 compressed oops)
Heap:
 PSYoungGen      total 438272K, used 145076K [0x00000000d5580000, 0x00000000f8f00000, 0x0000000100000000)
  eden space 322048K, 14% used [0x00000000d5580000,0x00000000d81b6290,0x00000000e9000000)
  from space 116224K, 85% used [0x00000000f0e00000,0x00000000f6f76f10,0x00000000f7f80000)
  to   space 129024K, 0% used [0x00000000e9000000,0x00000000e9000000,0x00000000f0e00000)
 ParOldGen       total 204288K, used 100408K [0x0000000080000000, 0x000000008c780000, 0x00000000d5580000)
  object space 204288K, 49% used [0x0000000080000000,0x000000008620e118,0x000000008c780000)
 Metaspace       used 142338K, capacity 148164K, committed 152576K, reserved 1181696K
  class space    used 18099K, capacity 19185K, committed 20224K, reserved 1048576K
GC Heap History (10 events):
Event: 6847.629 GC heap before
{Heap before GC invocations=35 (full 5):
 PSYoungGen      total 318464K, used 246272K [0x00000000d5580000, 0x00000000ee680000, 0x0000000100000000)
  eden space 246272K, 100% used [0x00000000d5580000,0x00000000e4600000,0x00000000e4600000)
  from space 72192K, 0% used [0x00000000e4600000,0x00000000e4600000,0x00000000e8c80000)
  to   space 75776K, 0% used [0x00000000e9c80000,0x00000000e9c80000,0x00000000ee680000)
 ParOldGen       total 204288K, used 56337K [0x0000000080000000, 0x000000008c780000, 0x00000000d5580000)
  object space 204288K, 27% used [0x0000000080000000,0x0000000083704448,0x000000008c780000)
 Metaspace       used 130665K, capacity 136034K, committed 141184K, reserved 1171456K
  class space    used 16974K, capacity 17974K, committed 19072K, reserved 1048576K
Event: 6847.726 GC heap after
Heap after GC invocations=35 (full 5):
 PSYoungGen      total 338944K, used 31584K [0x00000000d5580000, 0x00000000ee880000, 0x0000000100000000)
  eden space 263168K, 0% used [0x00000000d5580000,0x00000000d5580000,0x00000000e5680000)
  from space 75776K, 41% used [0x00000000e9c80000,0x00000000ebb58188,0x00000000ee680000)
  to   space 71680K, 0% used [0x00000000e5680000,0x00000000e5680000,0x00000000e9c80000)
 ParOldGen       total 204288K, used 56345K [0x0000000080000000, 0x000000008c780000, 0x00000000d5580000)
  object space 204288K, 27% used [0x0000000080000000,0x0000000083706448,0x000000008c780000)
 Metaspace       used 130665K, capacity 136034K, committed 141184K, reserved 1171456K
  class space    used 16974K, capacity 17974K, committed 19072K, reserved 1048576K
}
Event: 6851.884 GC heap before
{Heap before GC invocations=36 (full 5):
 PSYoungGen      total 338944K, used 294752K [0x00000000d5580000, 0x00000000ee880000, 0x0000000100000000)
  eden space 263168K, 100% used [0x00000000d5580000,0x00000000e5680000,0x00000000e5680000)
  from space 75776K, 41% used [0x00000000e9c80000,0x00000000ebb58188,0x00000000ee680000)
  to   space 71680K, 0% used [0x00000000e5680000,0x00000000e5680000,0x00000000e9c80000)
 ParOldGen       total 204288K, used 56345K [0x0000000080000000, 0x000000008c780000, 0x00000000d5580000)
  object space 204288K, 27% used [0x0000000080000000,0x0000000083706448,0x000000008c780000)
 Metaspace       used 133894K, capacity 139440K, committed 144256K, reserved 1173504K
  class space    used 17246K, capacity 18277K, committed 19328K, reserved 1048576K
Event: 6851.958 GC heap after
Heap after GC invocations=36 (full 5):
 PSYoungGen      total 334848K, used 46349K [0x00000000d5580000, 0x00000000f0200000, 0x0000000100000000)
  eden space 263168K, 0% used [0x00000000d5580000,0x00000000d5580000,0x00000000e5680000)
  from space 71680K, 64% used [0x00000000e5680000,0x00000000e83c3700,0x00000000e9c80000)
  to   space 73216K, 0% used [0x00000000eba80000,0x00000000eba80000,0x00000000f0200000)
 ParOldGen       total 204288K, used 56353K [0x0000000080000000, 0x000000008c780000, 0x00000000d5580000)
  object space 204288K, 27% used [0x0000000080000000,0x0000000083708448,0x000000008c780000)
 Metaspace       used 133894K, capacity 139440K, committed 144256K, reserved 1173504K
  class space    used 17246K, capacity 18277K, committed 19328K, reserved 1048576K
}
Event: 6856.680 GC heap before
{Heap before GC invocations=37 (full 5):
 PSYoungGen      total 334848K, used 309022K [0x00000000d5580000, 0x00000000f0200000, 0x0000000100000000)
  eden space 263168K, 99% used [0x00000000d5580000,0x00000000e5604138,0x00000000e5680000)
  from space 71680K, 64% used [0x00000000e5680000,0x00000000e83c3700,0x00000000e9c80000)
  to   space 73216K, 0% used [0x00000000eba80000,0x00000000eba80000,0x00000000f0200000)
 ParOldGen       total 204288K, used 56353K [0x0000000080000000, 0x000000008c780000, 0x00000000d5580000)
  object space 204288K, 27% used [0x0000000080000000,0x0000000083708448,0x000000008c780000)
 Metaspace       used 134360K, capacity 140028K, committed 144768K, reserved 1175552K
  class space    used 17276K, capacity 18331K, committed 19328K, reserved 1048576K
Event: 6857.291 GC heap after
Heap after GC invocations=37 (full 5):
 PSYoungGen      total 339968K, used 73195K [0x00000000d5580000, 0x00000000f4b80000, 0x0000000100000000)
  eden space 266752K, 0% used [0x00000000d5580000,0x00000000d5580000,0x00000000e5a00000)
  from space 73216K, 99% used [0x00000000eba80000,0x00000000f01facc0,0x00000000f0200000)
  to   space 98816K, 0% used [0x00000000e5a00000,0x00000000e5a00000,0x00000000eba80000)
 ParOldGen       total 204288K, used 95801K [0x0000000080000000, 0x000000008c780000, 0x00000000d5580000)
  object space 204288K, 46% used [0x0000000080000000,0x0000000085d8e760,0x000000008c780000)
 Metaspace       used 134360K, capacity 140028K, committed 144768K, reserved 1175552K
  class space    used 17276K, capacity 18331K, committed 19328K, reserved 1048576K
}
Event: 6860.443 GC heap before
{Heap before GC invocations=38 (full 5):
 PSYoungGen      total 339968K, used 339947K [0x00000000d5580000, 0x00000000f4b80000, 0x0000000100000000)
  eden space 266752K, 100% used [0x00000000d5580000,0x00000000e5a00000,0x00000000e5a00000)
  from space 73216K, 99% used [0x00000000eba80000,0x00000000f01facc0,0x00000000f0200000)
  to   space 98816K, 0% used [0x00000000e5a00000,0x00000000e5a00000,0x00000000eba80000)
 ParOldGen       total 204288K, used 95801K [0x0000000080000000, 0x000000008c780000, 0x00000000d5580000)
  object space 204288K, 46% used [0x0000000080000000,0x0000000085d8e760,0x000000008c780000)
 Metaspace       used 134801K, capacity 140536K, committed 145024K, reserved 1175552K
  class space    used 17300K, capacity 18373K, committed 19328K, reserved 1048576K
Event: 6861.713 GC heap after
Heap after GC invocations=38 (full 5):
 PSYoungGen      total 365568K, used 98793K [0x00000000d5580000, 0x00000000f7f80000, 0x0000000100000000)
  eden space 266752K, 0% used [0x00000000d5580000,0x00000000d5580000,0x00000000e5a00000)
  from space 98816K, 99% used [0x00000000e5a00000,0x00000000eba7a720,0x00000000eba80000)
  to   space 116224K, 0% used [0x00000000f0e00000,0x00000000f0e00000,0x00000000f7f80000)
 ParOldGen       total 204288K, used 100400K [0x0000000080000000, 0x000000008c780000, 0x00000000d5580000)
  object space 204288K, 49% used [0x0000000080000000,0x000000008620c118,0x000000008c780000)
 Metaspace       used 134801K, capacity 140536K, committed 145024K, reserved 1175552K
  class space    used 17300K, capacity 18373K, committed 19328K, reserved 1048576K
}
Event: 6878.260 GC heap before
{Heap before GC invocations=39 (full 5):
 PSYoungGen      total 365568K, used 365545K [0x00000000d5580000, 0x00000000f7f80000, 0x0000000100000000)
  eden space 266752K, 100% used [0x00000000d5580000,0x00000000e5a00000,0x00000000e5a00000)
  from space 98816K, 99% used [0x00000000e5a00000,0x00000000eba7a720,0x00000000eba80000)
  to   space 116224K, 0% used [0x00000000f0e00000,0x00000000f0e00000,0x00000000f7f80000)
 ParOldGen       total 204288K, used 100400K [0x0000000080000000, 0x000000008c780000, 0x00000000d5580000)
  object space 204288K, 49% used [0x0000000080000000,0x000000008620c118,0x000000008c780000)
 Metaspace       used 142139K, capacity 147972K, committed 152576K, reserved 1181696K
  class space    used 18099K, capacity 19185K, committed 20224K, reserved 1048576K
Event: 6881.492 GC heap after
Heap after GC invocations=39 (full 5):
 PSYoungGen      total 438272K, used 99803K [0x00000000d5580000, 0x00000000f8f00000, 0x0000000100000000)
  eden space 322048K, 0% used [0x00000000d5580000,0x00000000d5580000,0x00000000e9000000)
  from space 116224K, 85% used [0x00000000f0e00000,0x00000000f6f76f10,0x00000000f7f80000)
  to   space 129024K, 0% used [0x00000000e9000000,0x00000000e9000000,0x00000000f0e00000)
 ParOldGen       total 204288K, used 100408K [0x0000000080000000, 0x000000008c780000, 0x00000000d5580000)
  object space 204288K, 49% used [0x0000000080000000,0x000000008620e118,0x000000008c780000)
 Metaspace       used 142139K, capacity 147972K, committed 152576K, reserved 1181696K
  class space    used 18099K, capacity 19185K, committed 20224K, reserved 1048576K
}

